C51 COMPILER V9.56.0.0   UTI                                                               05/26/2022 11:47:05 PAGE 1   


C51 COMPILER V9.56.0.0, COMPILATION OF MODULE UTI
OBJECT MODULE PLACED IN .\Uti.obj
COMPILER INVOKED BY: C:\Keil_v5\C51\BIN\C51.EXE ..\source\Uti.c OPTIMIZE(8,SPEED) BROWSE INCDIR(M:\SA\SA_FW\jph\code_51\
                    -A7102\source\) DEBUG OBJECTEXTEND PRINT(.\Uti.lst) TABS(2) OBJECT(.\Uti.obj)

line level    source

   1          /********************************************************************                                     
             -                             **
   2          *   Uti.h
   3          *   Function Definitions
   4          *
   5          ********************************************************************/
   6          #include "define.h"
   7          #include "Uti.h"
   8          
   9          /**********************************************************
  10          * Delay1ms
  11          **********************************************************/
  12          void Delay1ms(Uint8 n)
  13          {
  14   1        Uint8 i,j;
  15   1      
  16   1        while(n--)
  17   1        {
  18   2          for(i=0; i<12; i++)
  19   2            for(j=0; j<220 ;j++);
  20   2        }
  21   1      }
  22          
  23          /**********************************************************
  24          * Delay10ms
  25          **********************************************************/
  26          void Delay10ms(Uint8 n)
  27          {
  28   1        Uint8 i,j;
  29   1        while(n--)
  30   1        {
  31   2          for(i=0;i<106;i++)
  32   2            for(j=0;j<250;j++);
  33   2        }
  34   1      }
  35          
  36          /**********************************************************
  37          * Delay100us
  38          **********************************************************/
  39          void Delay100us(Uint8 n)
  40          {
  41   1        Uint8 i;
  42   1        while(n--)
  43   1        {
  44   2          for(i=0;i<120;i++)
  45   2          {
  46   3            _nop_();
  47   3          }
  48   2        }
  49   1      }
  50          
  51          /**********************************************************
  52          * Delay10us
  53          **********************************************************/
C51 COMPILER V9.56.0.0   UTI                                                               05/26/2022 11:47:05 PAGE 2   

  54          void Delay10us(Uint8 n)
  55          {
  56   1        Uint8 i;
  57   1        while(n--)
  58   1        {
  59   2          for(i=0;i<9;i++)
  60   2          _nop_();
  61   2        }
  62   1      }


MODULE INFORMATION:   STATIC OVERLAYABLE
   CODE SIZE        =     86    ----
   CONSTANT SIZE    =   ----    ----
   XDATA SIZE       =   ----    ----
   PDATA SIZE       =   ----    ----
   DATA SIZE        =   ----    ----
   IDATA SIZE       =   ----    ----
   BIT SIZE         =   ----    ----
END OF MODULE INFORMATION.


C51 COMPILATION COMPLETE.  0 WARNING(S),  0 ERROR(S)
